#
# There is insufficient memory for the Java Runtime Environment to continue.
# Native memory allocation (mmap) failed to map 264241152 bytes for Failed to commit area from 0x0000000704000000 to 0x0000000713c00000 of length 264241152.
# Possible reasons:
#   The system is out of physical RAM or swap space
#   The process is running with CompressedOops enabled, and the Java Heap may be blocking the growth of the native heap
# Possible solutions:
#   Reduce memory load on the system
#   Increase physical memory or swap space
#   Check if swap backing store is full
#   Decrease Java heap size (-Xmx/-Xms)
#   Decrease number of Java threads
#   Decrease Java thread stack sizes (-Xss)
#   Set larger code cache with -XX:ReservedCodeCacheSize=
# This output file may be truncated or incomplete.
#
#  Out of Memory Error (./open/src/hotspot/os/windows/os_windows.cpp:3298), pid=20292, tid=12480
#
# JRE version:  (11.0.22+9) (build )
# Java VM: Java HotSpot(TM) 64-Bit Server VM (11.0.22+9-LTS-219, mixed mode, sharing, tiered, compressed oops, g1 gc, windows-amd64)
# No core dump will be written. Minidumps are not enabled by default on client versions of Windows
#

---------------  S U M M A R Y ------------

Command Line: -XX:TieredStopAtLevel=1 -Xverify:none -Dspring.output.ansi.enabled=always -Dcom.sun.management.jmxremote -Dspring.jmx.enabled=true -Dspring.liveBeansView.mbeanDomain -Dspring.application.admin.enabled=true -Dmanagement.endpoints.jmx.exposure.include=* -javaagent:C:\Program Files\JetBrains\IntelliJ IDEA 2024.1.4\lib\idea_rt.jar=54740:C:\Program Files\JetBrains\IntelliJ IDEA 2024.1.4\bin -Dfile.encoding=UTF-8 com.seahere.backend.BackendApplication

Host: 11th Gen Intel(R) Core(TM) i7-11600H @ 2.90GHz, 12 cores, 15G,  Windows 10 , 64 bit Build 19041 (10.0.19041.4597)
Time: Mon Jul 29 00:14:31 2024  Windows 10 , 64 bit Build 19041 (10.0.19041.4597) elapsed time: 0.020040 seconds (0d 0h 0m 0s)

---------------  T H R E A D  ---------------

Current thread (0x0000023a97525800):  JavaThread "Unknown thread" [_thread_in_vm, id=12480, stack(0x0000007ac8900000,0x0000007ac8a00000)]

Stack: [0x0000007ac8900000,0x0000007ac8a00000]
Native frames: (J=compiled Java code, j=interpreted, Vv=VM code, C=native code)
V  [jvm.dll+0x66055a]
V  [jvm.dll+0x7a367f]
V  [jvm.dll+0x7a4d49]
V  [jvm.dll+0x7a53e3]
V  [jvm.dll+0x258625]
V  [jvm.dll+0x65d8b9]
V  [jvm.dll+0x652455]
V  [jvm.dll+0x31319d]
V  [jvm.dll+0x313002]
V  [jvm.dll+0x317c36]
V  [jvm.dll+0x35fd70]
V  [jvm.dll+0x35f7e2]
V  [jvm.dll+0x2ee3d8]
V  [jvm.dll+0x2ef4e5]
V  [jvm.dll+0x77c6c7]
V  [jvm.dll+0x77dfaf]
V  [jvm.dll+0x36d0a9]
V  [jvm.dll+0x7610af]
V  [jvm.dll+0x3df1c7]
V  [jvm.dll+0x3e1271]
C  [jli.dll+0x52e7]
C  [ucrtbase.dll+0x21bb2]
C  [KERNEL32.DLL+0x17374]
C  [ntdll.dll+0x4cc91]


---------------  P R O C E S S  ---------------

Threads class SMR info:
_java_thread_list=0x0000023a9526b770, length=0, elements={
}

Java Threads: ( => current thread )

Other Threads:
  0x0000023a97539000 GCTaskThread "GC Thread#0" [stack: 0x0000007ac8a00000,0x0000007ac8b00000] [id=13288]
  0x0000023a97597800 ConcurrentGCThread "G1 Main Marker" [stack: 0x0000007ac8b00000,0x0000007ac8c00000] [id=12700]
  0x0000023a9759b000 ConcurrentGCThread "G1 Conc#0" [stack: 0x0000007ac8c00000,0x0000007ac8d00000] [id=21904]

[error occurred during error reporting (printing all threads), id 0xc0000005, EXCEPTION_ACCESS_VIOLATION (0xc0000005) at pc=0x00007ffa7998e9a7]

VM state:not at safepoint (not fully initialized)

VM Mutex/Monitor currently owned by a thread:  ([mutex/lock_event])
[0x0000023a9751fa00] Heap_lock - owner thread: 0x0000023a97525800

Heap address: 0x0000000704000000, size: 4032 MB, Compressed Oops mode: Non-zero based: 0x0000000704000000
Narrow klass base: 0x0000000000000000, Narrow klass shift: 0

GC Heap History (0 events):
No events

Deoptimization events (0 events):
No events

Classes redefined (0 events):
No events

Internal exceptions (0 events):
No events

Events (0 events):
No events


Dynamic libraries:
0x00007ff7afd40000 - 0x00007ff7afd50000 	C:\Program Files\Java\jdk-11\bin\java.exe
0x00007ffaea970000 - 0x00007ffaeab68000 	C:\Windows\SYSTEM32\ntdll.dll
0x00007ffae9200000 - 0x00007ffae92c1000 	C:\Windows\System32\KERNEL32.DLL
0x00007ffae83a0000 - 0x00007ffae8696000 	C:\Windows\System32\KERNELBASE.dll
0x00007ffae8800000 - 0x00007ffae8900000 	C:\Windows\System32\ucrtbase.dll
0x00007ffae3cb0000 - 0x00007ffae3cc9000 	C:\Program Files\Java\jdk-11\bin\jli.dll
0x00007ffae3500000 - 0x00007ffae351b000 	C:\Program Files\Java\jdk-11\bin\VCRUNTIME140.dll
0x00007ffae8c00000 - 0x00007ffae8cb0000 	C:\Windows\System32\ADVAPI32.dll
0x00007ffae9030000 - 0x00007ffae90ce000 	C:\Windows\System32\msvcrt.dll
0x00007ffae9c30000 - 0x00007ffae9cd0000 	C:\Windows\System32\sechost.dll
0x00007ffae90d0000 - 0x00007ffae91f3000 	C:\Windows\System32\RPCRT4.dll
0x00007ffae8020000 - 0x00007ffae8047000 	C:\Windows\System32\bcrypt.dll
0x00007ffae8cb0000 - 0x00007ffae8e4f000 	C:\Windows\System32\USER32.dll
0x00007ffae80a0000 - 0x00007ffae80c2000 	C:\Windows\System32\win32u.dll
0x00007ffae8e50000 - 0x00007ffae8e7b000 	C:\Windows\System32\GDI32.dll
0x00007ffae07d0000 - 0x00007ffae0a6a000 	C:\Windows\WinSxS\amd64_microsoft.windows.common-controls_6595b64144ccf1df_6.0.19041.4355_none_60b8b9eb71f62e16\COMCTL32.dll
0x00007ffae8280000 - 0x00007ffae8397000 	C:\Windows\System32\gdi32full.dll
0x00007ffae8900000 - 0x00007ffae899d000 	C:\Windows\System32\msvcp_win.dll
0x00007ffae2870000 - 0x00007ffae287a000 	C:\Windows\SYSTEM32\VERSION.dll
0x00007ffae9ce0000 - 0x00007ffae9d0f000 	C:\Windows\System32\IMM32.DLL
0x00007ffae3000000 - 0x00007ffae300c000 	C:\Program Files\Java\jdk-11\bin\vcruntime140_1.dll
0x00007ffacfd10000 - 0x00007ffacfd9e000 	C:\Program Files\Java\jdk-11\bin\msvcp140.dll
0x00007ffa79690000 - 0x00007ffa7a1fe000 	C:\Program Files\Java\jdk-11\bin\server\jvm.dll
0x00007ffaea7a0000 - 0x00007ffaea7a8000 	C:\Windows\System32\PSAPI.DLL
0x00007ffae3d30000 - 0x00007ffae3d39000 	C:\Windows\SYSTEM32\WSOCK32.dll
0x00007ffad3010000 - 0x00007ffad3037000 	C:\Windows\SYSTEM32\WINMM.dll
0x00007ffaea7b0000 - 0x00007ffaea81b000 	C:\Windows\System32\WS2_32.dll
0x00007ffae6830000 - 0x00007ffae6842000 	C:\Windows\SYSTEM32\kernel.appcore.dll
0x00007ffae2ff0000 - 0x00007ffae3000000 	C:\Program Files\Java\jdk-11\bin\verify.dll
0x00007ffae6570000 - 0x00007ffae6754000 	C:\Windows\SYSTEM32\DBGHELP.DLL
0x00007ffadf500000 - 0x00007ffadf534000 	C:\Windows\SYSTEM32\dbgcore.DLL
0x00007ffae8180000 - 0x00007ffae8202000 	C:\Windows\System32\bcryptPrimitives.dll
0x00007ffade120000 - 0x00007ffade148000 	C:\Program Files\Java\jdk-11\bin\java.dll
0x00007ffae04a0000 - 0x00007ffae04aa000 	C:\Program Files\Java\jdk-11\bin\jimage.dll
0x00007ffade110000 - 0x00007ffade11e000 	C:\Program Files\Java\jdk-11\bin\instrument.dll
0x00007ffad2660000 - 0x00007ffad2677000 	C:\Program Files\Java\jdk-11\bin\zip.dll

dbghelp: loaded successfully - version: 4.0.5 - missing functions: none
symbol engine: initialized successfully - sym options: 0x614 - pdb path: .;C:\Program Files\Java\jdk-11\bin;C:\Windows\SYSTEM32;C:\Windows\WinSxS\amd64_microsoft.windows.common-controls_6595b64144ccf1df_6.0.19041.4355_none_60b8b9eb71f62e16;C:\Program Files\Java\jdk-11\bin\server

VM Arguments:
jvm_args: -XX:TieredStopAtLevel=1 -Xverify:none -Dspring.output.ansi.enabled=always -Dcom.sun.management.jmxremote -Dspring.jmx.enabled=true -Dspring.liveBeansView.mbeanDomain -Dspring.application.admin.enabled=true -Dmanagement.endpoints.jmx.exposure.include=* -javaagent:C:\Program Files\JetBrains\IntelliJ IDEA 2024.1.4\lib\idea_rt.jar=54740:C:\Program Files\JetBrains\IntelliJ IDEA 2024.1.4\bin -Dfile.encoding=UTF-8 
java_command: com.seahere.backend.BackendApplication
java_class_path (initial): C:\Users\ssginc05\Desktop\seahere-backend\build\classes\java\main;C:\Users\ssginc05\Desktop\seahere-backend\build\resources\main;C:\Users\ssginc05\.gradle\caches\modules-2\files-2.1\org.projectlombok\lombok\1.18.30\f195ee86e6c896ea47a1d39defbe20eb59cd149d\lombok-1.18.30.jar;C:\Users\ssginc05\.gradle\caches\modules-2\files-2.1\com.querydsl\querydsl-collections\5.0.0\ddfdeb00c93ccb72aee097d77ffe81d29523eebe\querydsl-collections-5.0.0.jar;C:\Users\ssginc05\.gradle\caches\modules-2\files-2.1\com.querydsl\querydsl-apt\5.0.0\fa5554c395bdcbe9846242824857a82874ad3223\querydsl-apt-5.0.0.jar;C:\Users\ssginc05\.gradle\caches\modules-2\files-2.1\com.querydsl\querydsl-apt\5.0.0\3c212d03cc42b5297f62bd22e37b737812245085\querydsl-apt-5.0.0-jpa.jar;C:\Users\ssginc05\.gradle\caches\modules-2\files-2.1\org.springframework.boot\spring-boot-starter-data-redis\2.7.18\b71c95695e0382ef2c6fd2ba99c0f715f27ef0d1\spring-boot-starter-data-redis-2.7.18.jar;C:\Users\ssginc05\.gradle\caches\modules-2\files-2.1\org.springframework.boot\spring-boot-starter-mail\2.7.18\7a406a5cc3c83f174e9977cae2cb716016ba3a46\spring-boot-starter-mail-2.7.18.jar;C:\Users\ssginc05\.gradle\caches\modules-2\files-2.1\org.springframework.boot\spring-boot-starter-oauth2-client\2.7.18\eaf4d800048d3770d441fdec5824545668c215da\spring-boot-starter-oauth2-client-2.7.18.jar;C:\Users\ssginc05\.gradle\caches\modules-2\files-2.1\org.springframework.boot\spring-boot-starter-security\2.7.18\5d29a712fd0a5d7b77e348b660e2c0885b215bc4\spring-boot-starter-security-2.7.18.jar;C:\Users\ssginc05\.gradle\caches\modules-2\files-2.1\org.springframework.boot\spring-boot-starter-validation\2.7.18\5c37e1806f7b09b2c0efc7317fbe16be65ced66e\spring-boot-starter-validation-2.7.18.jar;C:\Users\ssginc05\.gradle\caches\modules-2\files-2.1\org.springframework.boot\spring-boot-starter-hateoas\2.7.18\d09c8f10b696ccd8766f45ca73021d98e5a2afa2\spring-boot-starter-hateoas-2.7.18.jar;C:\Users\ssginc05\.gradle\caches\modules-2\files-2.
Launcher Type: SUN_STANDARD

[Global flags]
     bool BytecodeVerificationLocal                = false                                     {product} {command line}
     bool BytecodeVerificationRemote               = false                                     {product} {command line}
     intx CICompilerCount                          = 4                                         {product} {ergonomic}
     uint ConcGCThreads                            = 3                                         {product} {ergonomic}
     uint G1ConcRefinementThreads                  = 10                                        {product} {ergonomic}
   size_t G1HeapRegionSize                         = 1048576                                   {product} {ergonomic}
    uintx GCDrainStackTargetSize                   = 64                                        {product} {ergonomic}
   size_t InitialHeapSize                          = 264241152                                 {product} {ergonomic}
     bool ManagementServer                         = true                                      {product} {command line}
   size_t MarkStackSize                            = 4194304                                   {product} {ergonomic}
   size_t MaxHeapSize                              = 4227858432                                {product} {ergonomic}
   size_t MinHeapDeltaBytes                        = 1048576                                   {product} {ergonomic}
    uintx NonNMethodCodeHeapSize                   = 7549744                                {pd product} {ergonomic}
    uintx NonProfiledCodeHeapSize                  = 244108496                              {pd product} {ergonomic}
    uintx ProfiledCodeHeapSize                     = 0                                      {pd product} {ergonomic}
    uintx ReservedCodeCacheSize                    = 251658240                              {pd product} {ergonomic}
     bool SegmentedCodeCache                       = true                                      {product} {ergonomic}
     intx TieredStopAtLevel                        = 1                                         {product} {command line}
     bool UseCompressedClassPointers               = true                                 {lp64_product} {ergonomic}
     bool UseCompressedOops                        = true                                 {lp64_product} {ergonomic}
     bool UseG1GC                                  = true                                      {product} {ergonomic}
     bool UseLargePagesIndividualAllocation        = false                                  {pd product} {ergonomic}

Logging:
Log output configuration:
 #0: stdout all=warning uptime,level,tags
 #1: stderr all=off uptime,level,tags

Environment Variables:
JAVA_HOME=C:\Program Files\Java\jdk-11
PATH=C:\Program Files\Java\jdk-11\bin;C:\Program Files\Common Files\Oracle\Java\javapath;C:\Windows\system32;C:\Windows;C:\Windows\System32\Wbem;C:\Windows\System32\WindowsPowerShell\v1.0\;C:\Windows\System32\OpenSSH\;C:\Program Files\Bandizip\;C:\Program Files\Wondershare\Wondershare DemoCreator (Korean);C:\Program Files\nodejs\;C:\Program Files\Git\cmd;C:\Users\ssginc05\AppData\Local\Microsoft\WindowsApps;C:\Users\ssginc05\AppData\Roaming\npm;C:\Users\ssginc05\AppData\Local\Programs\Microsoft VS Code\bin;C:\Program Files\JetBrains\IntelliJ IDEA 2024.1.4\bin;
USERNAME=ssginc05
OS=Windows_NT
PROCESSOR_IDENTIFIER=Intel64 Family 6 Model 141 Stepping 1, GenuineIntel



---------------  S Y S T E M  ---------------

OS: Windows 10 , 64 bit Build 19041 (10.0.19041.4597)

CPU:total 12 (initial active 12) (6 cores per cpu, 2 threads per core) family 6 model 141 stepping 1 microcode 0x34, cmov, cx8, fxsr, mmx, sse, sse2, sse3, ssse3, sse4.1, sse4.2, popcnt, avx, avx2, aes, clmul, erms, 3dnowpref, lzcnt, ht, tsc, tscinvbit, bmi1, bmi2, adx, evex, sha, fma

Memory: 4k page, system-wide physical 16121M (3629M free)
TotalPageFile size 38277M (AvailPageFile size 150M)
current process WorkingSet (physical memory assigned to process): 11M, peak: 11M
current process commit charge ("private bytes"): 62M, peak: 314M

vm_info: Java HotSpot(TM) 64-Bit Server VM (11.0.22+9-LTS-219) for windows-amd64 JRE (11.0.22+9-LTS-219), built on Dec 19 2023 22:08:21 by "mach5one" with MS VC++ 17.1 (VS2022)

END.
